{"C:\\Users\\Kedy\\OneDrive\\Documents\\Methodologie_test_unitaire\\addition.js": {"path":"C:\\Users\\Kedy\\OneDrive\\Documents\\Methodologie_test_unitaire\\addition.js","statementMap":{"0":{"start":{"line":2,"column":4},"end":{"line":2,"column":14}},"1":{"start":{"line":5,"column":0},"end":{"line":5,"column":21}}},"fnMap":{"0":{"name":"add","decl":{"start":{"line":1,"column":10},"end":{"line":1,"column":13}},"loc":{"start":{"line":1,"column":18},"end":{"line":3,"column":1}},"line":1}},"branchMap":{},"s":{"0":1,"1":1},"f":{"0":1},"b":{},"_coverageSchema":"1a1c01bbd47fc00a2c39e90264f33305004495a9","hash":"b0eb19e91a77110707c20259777b959b411d086c"}
,"C:\\Users\\Kedy\\OneDrive\\Documents\\Methodologie_test_unitaire\\fetchData.js": {"path":"C:\\Users\\Kedy\\OneDrive\\Documents\\Methodologie_test_unitaire\\fetchData.js","statementMap":{"0":{"start":{"line":1,"column":12},"end":{"line":1,"column":32}},"1":{"start":{"line":3,"column":18},"end":{"line":11,"column":1}},"2":{"start":{"line":4,"column":4},"end":{"line":10,"column":5}},"3":{"start":{"line":5,"column":21},"end":{"line":5,"column":35}},"4":{"start":{"line":6,"column":8},"end":{"line":6,"column":20}},"5":{"start":{"line":8,"column":8},"end":{"line":8,"column":53}},"6":{"start":{"line":9,"column":8},"end":{"line":9,"column":20}},"7":{"start":{"line":13,"column":0},"end":{"line":13,"column":27}}},"fnMap":{"0":{"name":"(anonymous_0)","decl":{"start":{"line":3,"column":18},"end":{"line":3,"column":19}},"loc":{"start":{"line":3,"column":32},"end":{"line":11,"column":1}},"line":3}},"branchMap":{},"s":{"0":1,"1":1,"2":1,"3":1,"4":1,"5":0,"6":0,"7":1},"f":{"0":1},"b":{},"_coverageSchema":"1a1c01bbd47fc00a2c39e90264f33305004495a9","hash":"fd4437a9117dcad3a3dfcfbfbafe17876a24aa22"}
,"C:\\Users\\Kedy\\OneDrive\\Documents\\Methodologie_test_unitaire\\exercice1\\multiply.js": {"path":"C:\\Users\\Kedy\\OneDrive\\Documents\\Methodologie_test_unitaire\\exercice1\\multiply.js","statementMap":{"0":{"start":{"line":2,"column":4},"end":{"line":2,"column":14}},"1":{"start":{"line":5,"column":0},"end":{"line":5,"column":26}}},"fnMap":{"0":{"name":"multiply","decl":{"start":{"line":1,"column":10},"end":{"line":1,"column":18}},"loc":{"start":{"line":1,"column":23},"end":{"line":3,"column":1}},"line":1}},"branchMap":{},"s":{"0":1,"1":1},"f":{"0":1},"b":{},"_coverageSchema":"1a1c01bbd47fc00a2c39e90264f33305004495a9","hash":"7138f325ee910716d70233937157fa12c0326fe4"}
,"C:\\Users\\Kedy\\OneDrive\\Documents\\Methodologie_test_unitaire\\exercice2\\multiply.js": {"path":"C:\\Users\\Kedy\\OneDrive\\Documents\\Methodologie_test_unitaire\\exercice2\\multiply.js","statementMap":{"0":{"start":{"line":2,"column":4},"end":{"line":2,"column":14}},"1":{"start":{"line":5,"column":0},"end":{"line":5,"column":21}}},"fnMap":{"0":{"name":"add","decl":{"start":{"line":1,"column":10},"end":{"line":1,"column":13}},"loc":{"start":{"line":1,"column":18},"end":{"line":3,"column":1}},"line":1}},"branchMap":{},"s":{"0":1,"1":1},"f":{"0":1},"b":{},"_coverageSchema":"1a1c01bbd47fc00a2c39e90264f33305004495a9","hash":"1436f84f1e5876afb78ff4e6e640883d8628ae1b"}
,"C:\\Users\\Kedy\\OneDrive\\Documents\\Methodologie_test_unitaire\\exercice3\\fetchData2.js": {"path":"C:\\Users\\Kedy\\OneDrive\\Documents\\Methodologie_test_unitaire\\exercice3\\fetchData2.js","statementMap":{"0":{"start":{"line":1,"column":12},"end":{"line":1,"column":33}},"1":{"start":{"line":3,"column":18},"end":{"line":10,"column":1}},"2":{"start":{"line":4,"column":4},"end":{"line":9,"column":5}},"3":{"start":{"line":5,"column":21},"end":{"line":5,"column":35}},"4":{"start":{"line":6,"column":8},"end":{"line":6,"column":20}},"5":{"start":{"line":8,"column":8},"end":{"line":8,"column":20}},"6":{"start":{"line":12,"column":0},"end":{"line":12,"column":27}}},"fnMap":{"0":{"name":"(anonymous_0)","decl":{"start":{"line":3,"column":18},"end":{"line":3,"column":19}},"loc":{"start":{"line":3,"column":32},"end":{"line":10,"column":1}},"line":3}},"branchMap":{},"s":{"0":1,"1":1,"2":2,"3":2,"4":1,"5":1,"6":1},"f":{"0":2},"b":{},"_coverageSchema":"1a1c01bbd47fc00a2c39e90264f33305004495a9","hash":"4bf19371bc6035a0b42eb131ad4525dc0d9e22e0"}
,"C:\\Users\\Kedy\\OneDrive\\Documents\\Methodologie_test_unitaire\\exercice4\\Parsejson.js": {"path":"C:\\Users\\Kedy\\OneDrive\\Documents\\Methodologie_test_unitaire\\exercice4\\Parsejson.js","statementMap":{"0":{"start":{"line":3,"column":4},"end":{"line":7,"column":5}},"1":{"start":{"line":4,"column":8},"end":{"line":4,"column":34}},"2":{"start":{"line":6,"column":8},"end":{"line":6,"column":48}},"3":{"start":{"line":10,"column":0},"end":{"line":10,"column":27}}},"fnMap":{"0":{"name":"parseJSON","decl":{"start":{"line":2,"column":9},"end":{"line":2,"column":18}},"loc":{"start":{"line":2,"column":27},"end":{"line":8,"column":1}},"line":2}},"branchMap":{},"s":{"0":2,"1":2,"2":1,"3":1},"f":{"0":2},"b":{},"_coverageSchema":"1a1c01bbd47fc00a2c39e90264f33305004495a9","hash":"f6f2ebefa40105592e262225145731be46657214"}
,"C:\\Users\\Kedy\\OneDrive\\Documents\\Methodologie_test_unitaire\\exercice5\\sendEmail.js": {"path":"C:\\Users\\Kedy\\OneDrive\\Documents\\Methodologie_test_unitaire\\exercice5\\sendEmail.js","statementMap":{"0":{"start":{"line":1,"column":21},"end":{"line":1,"column":42}},"1":{"start":{"line":4,"column":21},"end":{"line":4,"column":47}},"2":{"start":{"line":5,"column":3},"end":{"line":5,"column":19}},"3":{"start":{"line":8,"column":0},"end":{"line":8,"column":23}}},"fnMap":{"0":{"name":"sende","decl":{"start":{"line":3,"column":9},"end":{"line":3,"column":14}},"loc":{"start":{"line":3,"column":30},"end":{"line":6,"column":1}},"line":3}},"branchMap":{},"s":{"0":1,"1":1,"2":1,"3":1},"f":{"0":1},"b":{},"_coverageSchema":"1a1c01bbd47fc00a2c39e90264f33305004495a9","hash":"124dd7333221fe17eb65fcf53311e7f34d7e8d04"}
,"C:\\Users\\Kedy\\OneDrive\\Documents\\Methodologie_test_unitaire\\exercice6\\callbacky.js": {"path":"C:\\Users\\Kedy\\OneDrive\\Documents\\Methodologie_test_unitaire\\exercice6\\callbacky.js","statementMap":{"0":{"start":{"line":3,"column":8},"end":{"line":3,"column":35}},"1":{"start":{"line":3,"column":22},"end":{"line":3,"column":35}},"2":{"start":{"line":4,"column":8},"end":{"line":4,"column":34}},"3":{"start":{"line":4,"column":22},"end":{"line":4,"column":34}},"4":{"start":{"line":6,"column":8},"end":{"line":6,"column":57}},"5":{"start":{"line":6,"column":44},"end":{"line":6,"column":57}},"6":{"start":{"line":8,"column":8},"end":{"line":10,"column":9}},"7":{"start":{"line":8,"column":21},"end":{"line":8,"column":22}},"8":{"start":{"line":9,"column":10},"end":{"line":9,"column":65}},"9":{"start":{"line":9,"column":52},"end":{"line":9,"column":65}},"10":{"start":{"line":12,"column":8},"end":{"line":12,"column":20}},"11":{"start":{"line":16,"column":24},"end":{"line":16,"column":26}},"12":{"start":{"line":17,"column":8},"end":{"line":19,"column":9}},"13":{"start":{"line":18,"column":12},"end":{"line":18,"column":39}},"14":{"start":{"line":20,"column":8},"end":{"line":20,"column":23}},"15":{"start":{"line":24,"column":0},"end":{"line":24,"column":25}},"16":{"start":{"line":25,"column":0},"end":{"line":25,"column":33}}},"fnMap":{"0":{"name":"isprime","decl":{"start":{"line":2,"column":10},"end":{"line":2,"column":17}},"loc":{"start":{"line":2,"column":22},"end":{"line":13,"column":7}},"line":2},"1":{"name":"testIsPrimeList","decl":{"start":{"line":15,"column":15},"end":{"line":15,"column":30}},"loc":{"start":{"line":15,"column":37},"end":{"line":21,"column":5}},"line":15}},"branchMap":{"0":{"loc":{"start":{"line":3,"column":8},"end":{"line":3,"column":35}},"type":"if","locations":[{"start":{"line":3,"column":8},"end":{"line":3,"column":35}},{"start":{},"end":{}}],"line":3},"1":{"loc":{"start":{"line":4,"column":8},"end":{"line":4,"column":34}},"type":"if","locations":[{"start":{"line":4,"column":8},"end":{"line":4,"column":34}},{"start":{},"end":{}}],"line":4},"2":{"loc":{"start":{"line":6,"column":8},"end":{"line":6,"column":57}},"type":"if","locations":[{"start":{"line":6,"column":8},"end":{"line":6,"column":57}},{"start":{},"end":{}}],"line":6},"3":{"loc":{"start":{"line":6,"column":12},"end":{"line":6,"column":42}},"type":"binary-expr","locations":[{"start":{"line":6,"column":12},"end":{"line":6,"column":25}},{"start":{"line":6,"column":29},"end":{"line":6,"column":42}}],"line":6},"4":{"loc":{"start":{"line":9,"column":10},"end":{"line":9,"column":65}},"type":"if","locations":[{"start":{"line":9,"column":10},"end":{"line":9,"column":65}},{"start":{},"end":{}}],"line":9},"5":{"loc":{"start":{"line":9,"column":14},"end":{"line":9,"column":50}},"type":"binary-expr","locations":[{"start":{"line":9,"column":14},"end":{"line":9,"column":27}},{"start":{"line":9,"column":31},"end":{"line":9,"column":50}}],"line":9}},"s":{"0":6,"1":0,"2":6,"3":2,"4":4,"5":0,"6":4,"7":4,"8":0,"9":0,"10":4,"11":1,"12":1,"13":6,"14":1,"15":1,"16":1},"f":{"0":6,"1":1},"b":{"0":[0,6],"1":[2,4],"2":[0,4],"3":[4,4],"4":[0,0],"5":[0,0]},"_coverageSchema":"1a1c01bbd47fc00a2c39e90264f33305004495a9","hash":"a7dfa7e97be91a99ec2a10c0a959d67fe1d4ee60"}
,"C:\\Users\\Kedy\\OneDrive\\Documents\\Methodologie_test_unitaire\\exercice7\\geom.js": {"path":"C:\\Users\\Kedy\\OneDrive\\Documents\\Methodologie_test_unitaire\\exercice7\\geom.js","statementMap":{"0":{"start":{"line":2,"column":2},"end":{"line":23,"column":3}},"1":{"start":{"line":4,"column":10},"end":{"line":6,"column":11}},"2":{"start":{"line":5,"column":14},"end":{"line":5,"column":79}},"3":{"start":{"line":7,"column":10},"end":{"line":7,"column":54}},"4":{"start":{"line":10,"column":10},"end":{"line":12,"column":11}},"5":{"start":{"line":11,"column":14},"end":{"line":11,"column":61}},"6":{"start":{"line":13,"column":10},"end":{"line":13,"column":50}},"7":{"start":{"line":16,"column":10},"end":{"line":18,"column":11}},"8":{"start":{"line":17,"column":14},"end":{"line":17,"column":75}},"9":{"start":{"line":19,"column":10},"end":{"line":19,"column":59}},"10":{"start":{"line":22,"column":10},"end":{"line":22,"column":44}},"11":{"start":{"line":26,"column":0},"end":{"line":26,"column":31}}},"fnMap":{"0":{"name":"calculateArea","decl":{"start":{"line":1,"column":9},"end":{"line":1,"column":22}},"loc":{"start":{"line":1,"column":42},"end":{"line":24,"column":1}},"line":1}},"branchMap":{"0":{"loc":{"start":{"line":2,"column":2},"end":{"line":23,"column":3}},"type":"switch","locations":[{"start":{"line":3,"column":6},"end":{"line":7,"column":54}},{"start":{"line":9,"column":6},"end":{"line":13,"column":50}},{"start":{"line":15,"column":6},"end":{"line":19,"column":59}},{"start":{"line":21,"column":6},"end":{"line":22,"column":44}}],"line":2},"1":{"loc":{"start":{"line":4,"column":10},"end":{"line":6,"column":11}},"type":"if","locations":[{"start":{"line":4,"column":10},"end":{"line":6,"column":11}},{"start":{},"end":{}}],"line":4},"2":{"loc":{"start":{"line":4,"column":14},"end":{"line":4,"column":91}},"type":"binary-expr","locations":[{"start":{"line":4,"column":14},"end":{"line":4,"column":50}},{"start":{"line":4,"column":54},"end":{"line":4,"column":91}}],"line":4},"3":{"loc":{"start":{"line":10,"column":10},"end":{"line":12,"column":11}},"type":"if","locations":[{"start":{"line":10,"column":10},"end":{"line":12,"column":11}},{"start":{},"end":{}}],"line":10},"4":{"loc":{"start":{"line":16,"column":10},"end":{"line":18,"column":11}},"type":"if","locations":[{"start":{"line":16,"column":10},"end":{"line":18,"column":11}},{"start":{},"end":{}}],"line":16},"5":{"loc":{"start":{"line":16,"column":14},"end":{"line":16,"column":90}},"type":"binary-expr","locations":[{"start":{"line":16,"column":14},"end":{"line":16,"column":49}},{"start":{"line":16,"column":53},"end":{"line":16,"column":90}}],"line":16}},"s":{"0":7,"1":2,"2":1,"3":1,"4":2,"5":1,"6":1,"7":2,"8":1,"9":1,"10":1,"11":1},"f":{"0":7},"b":{"0":[2,2,2,1],"1":[1,1],"2":[2,1],"3":[1,1],"4":[1,1],"5":[2,1]},"_coverageSchema":"1a1c01bbd47fc00a2c39e90264f33305004495a9","hash":"c6db638e807a42ff8293107a68c2806df39e6bd0"}
}
