TN:
SF:addition.js
FN:1,add
FNF:1
FNH:1
FNDA:1,add
DA:2,1
DA:5,1
LF:2
LH:2
BRF:0
BRH:0
end_of_record
TN:
SF:fetchData.js
FN:3,(anonymous_0)
FNF:1
FNH:1
FNDA:1,(anonymous_0)
DA:1,1
DA:3,1
DA:4,1
DA:5,1
DA:6,1
DA:8,0
DA:9,0
DA:13,1
LF:8
LH:6
BRF:0
BRH:0
end_of_record
TN:
SF:exercice1\multiply.js
FN:1,multiply
FNF:1
FNH:1
FNDA:1,multiply
DA:2,1
DA:5,1
LF:2
LH:2
BRF:0
BRH:0
end_of_record
TN:
SF:exercice2\multiply.js
FN:1,add
FNF:1
FNH:1
FNDA:1,add
DA:2,1
DA:5,1
LF:2
LH:2
BRF:0
BRH:0
end_of_record
TN:
SF:exercice3\fetchData2.js
FN:3,(anonymous_0)
FNF:1
FNH:1
FNDA:2,(anonymous_0)
DA:1,1
DA:3,1
DA:4,2
DA:5,2
DA:6,1
DA:8,1
DA:12,1
LF:7
LH:7
BRF:0
BRH:0
end_of_record
TN:
SF:exercice4\Parsejson.js
FN:2,parseJSON
FNF:1
FNH:1
FNDA:2,parseJSON
DA:3,2
DA:4,2
DA:6,1
DA:10,1
LF:4
LH:4
BRF:0
BRH:0
end_of_record
TN:
SF:exercice5\sendEmail.js
FN:3,sende
FNF:1
FNH:1
FNDA:1,sende
DA:1,1
DA:4,1
DA:5,1
DA:8,1
LF:4
LH:4
BRF:0
BRH:0
end_of_record
TN:
SF:exercice6\callbacky.js
FN:2,isprime
FN:15,testIsPrimeList
FNF:2
FNH:2
FNDA:6,isprime
FNDA:1,testIsPrimeList
DA:3,6
DA:4,6
DA:6,4
DA:8,4
DA:9,0
DA:12,4
DA:16,1
DA:17,1
DA:18,6
DA:20,1
DA:24,1
DA:25,1
LF:12
LH:11
BRDA:3,0,0,0
BRDA:3,0,1,6
BRDA:4,1,0,2
BRDA:4,1,1,4
BRDA:6,2,0,0
BRDA:6,2,1,4
BRDA:6,3,0,4
BRDA:6,3,1,4
BRDA:9,4,0,0
BRDA:9,4,1,0
BRDA:9,5,0,0
BRDA:9,5,1,0
BRF:12
BRH:6
end_of_record
TN:
SF:exercice7\geom.js
FN:1,calculateArea
FNF:1
FNH:1
FNDA:7,calculateArea
DA:2,7
DA:4,2
DA:5,1
DA:7,1
DA:10,2
DA:11,1
DA:13,1
DA:16,2
DA:17,1
DA:19,1
DA:22,1
DA:26,1
LF:12
LH:12
BRDA:2,0,0,2
BRDA:2,0,1,2
BRDA:2,0,2,2
BRDA:2,0,3,1
BRDA:4,1,0,1
BRDA:4,1,1,1
BRDA:4,2,0,2
BRDA:4,2,1,1
BRDA:10,3,0,1
BRDA:10,3,1,1
BRDA:16,4,0,1
BRDA:16,4,1,1
BRDA:16,5,0,2
BRDA:16,5,1,1
BRF:14
BRH:14
end_of_record
